SBY  7:55:56 [formal/prod/safety_sil2] Removing directory '/workspace/robocore1/formal/prod/safety_sil2'.
SBY  7:55:56 [formal/prod/safety_sil2] Copy '/workspace/robocore1/formal/prod/safety_sil2_formal.v' to '/workspace/robocore1/formal/prod/safety_sil2/src/safety_sil2_formal.v'.
SBY  7:55:56 [formal/prod/safety_sil2] Copy '/workspace/robocore1/src/safety_subsystem.v' to '/workspace/robocore1/formal/prod/safety_sil2/src/safety_subsystem.v'.
SBY  7:55:56 [formal/prod/safety_sil2] engine_0: smtbmc --stdt z3
SBY  7:55:56 [formal/prod/safety_sil2] base: starting process "cd formal/prod/safety_sil2/src; yosys -ql ../model/design.log ../model/design.ys"
SBY  7:55:56 [formal/prod/safety_sil2] base: /workspace/robocore1/formal/prod/safety_sil2_formal.v:46: Warning: Identifier `\safety_subsystem.safe_state' is implicitly declared.
SBY  7:55:56 [formal/prod/safety_sil2] base: /workspace/robocore1/formal/prod/safety_sil2_formal.v:47: Warning: Identifier `\safety_subsystem.estop_active' is implicitly declared.
SBY  7:55:56 [formal/prod/safety_sil2] base: /workspace/robocore1/formal/prod/safety_sil2_formal.v:48: Warning: Identifier `\safety_subsystem.brownout_active' is implicitly declared.
SBY  7:55:56 [formal/prod/safety_sil2] base: /workspace/robocore1/formal/prod/safety_sil2_formal.v:49: Warning: Identifier `\safety_subsystem.watchdog_fault' is implicitly declared.
SBY  7:55:56 [formal/prod/safety_sil2] base: /workspace/robocore1/formal/prod/safety_sil2_formal.v:50: Warning: Identifier `\safety_subsystem.system_fault' is implicitly declared.
SBY  7:55:56 [formal/prod/safety_sil2] base: /workspace/robocore1/formal/prod/safety_sil2_formal.v:51: Warning: Identifier `\safety_subsystem.fault_reg' is implicitly declared.
SBY  7:55:56 [formal/prod/safety_sil2] base: /workspace/robocore1/formal/prod/safety_sil2_formal.v:52: Warning: Identifier `\safety_subsystem.wd_expired' is implicitly declared.
SBY  7:55:56 [formal/prod/safety_sil2] base: /workspace/robocore1/formal/prod/safety_sil2_formal.v:53: Warning: Identifier `\safety_subsystem.estop_r1' is implicitly declared.
SBY  7:55:56 [formal/prod/safety_sil2] base: /workspace/robocore1/formal/prod/safety_sil2_formal.v:54: Warning: Identifier `\safety_subsystem.estop_r2' is implicitly declared.
SBY  7:55:56 [formal/prod/safety_sil2] base: /workspace/robocore1/formal/prod/safety_sil2_formal.v:55: Warning: Identifier `\safety_subsystem.brownout_r1' is implicitly declared.
SBY  7:55:56 [formal/prod/safety_sil2] base: /workspace/robocore1/formal/prod/safety_sil2_formal.v:56: Warning: Identifier `\safety_subsystem.brownout_r2' is implicitly declared.
SBY  7:55:56 [formal/prod/safety_sil2] base: /workspace/robocore1/formal/prod/safety_sil2_formal.v:57: Warning: Identifier `\safety_subsystem.wd_fault' is implicitly declared.
SBY  7:55:56 [formal/prod/safety_sil2] base: /workspace/robocore1/formal/prod/safety_sil2_formal.v:57: Warning: Range select [3:0] out of bounds on signal `\safety_subsystem.wd_fault': Setting all 4 result bits to undef.
SBY  7:55:56 [formal/prod/safety_sil2] base: Warning: Replacing memory \wd_counter with list of registers. See /workspace/robocore1/src/safety_subsystem.v:113
SBY  7:55:56 [formal/prod/safety_sil2] base: finished (returncode=0)
SBY  7:55:56 [formal/prod/safety_sil2] prep: starting process "cd formal/prod/safety_sil2/model; yosys -ql design_prep.log design_prep.ys"
SBY  7:55:56 [formal/prod/safety_sil2] prep: finished (returncode=0)
SBY  7:55:56 [formal/prod/safety_sil2] smt2_stdt: starting process "cd formal/prod/safety_sil2/model; yosys -ql design_smt2_stdt.log design_smt2_stdt.ys"
SBY  7:55:56 [formal/prod/safety_sil2] smt2_stdt: finished (returncode=0)
SBY  7:55:56 [formal/prod/safety_sil2] engine_0.basecase: starting process "cd formal/prod/safety_sil2; yosys-smtbmc -s z3 --presat --noprogress -t 40  --append 0 --dump-vcd engine_0/trace.vcd --dump-yw engine_0/trace.yw --dump-vlogtb engine_0/trace_tb.v --dump-smtc engine_0/trace.smtc model/design_smt2_stdt.smt2"
SBY  7:55:56 [formal/prod/safety_sil2] engine_0.induction: starting process "cd formal/prod/safety_sil2; yosys-smtbmc -s z3 --presat -i --noprogress -t 40  --append 0 --dump-vcd engine_0/trace_induct.vcd --dump-yw engine_0/trace_induct.yw --dump-vlogtb engine_0/trace_induct_tb.v --dump-smtc engine_0/trace_induct.smtc model/design_smt2_stdt.smt2"
SBY  7:55:56 [formal/prod/safety_sil2] engine_0.basecase: ##   0:00:00  Solver: z3
SBY  7:55:56 [formal/prod/safety_sil2] engine_0.induction: ##   0:00:00  Solver: z3
SBY  7:55:56 [formal/prod/safety_sil2] engine_0.basecase: ##   0:00:00  Checking assumptions in step 0..
SBY  7:55:56 [formal/prod/safety_sil2] engine_0.induction: ##   0:00:00  Trying induction in step 40..
SBY  7:55:56 [formal/prod/safety_sil2] engine_0.induction: ##   0:00:00  Temporal induction successful.
SBY  7:55:56 [formal/prod/safety_sil2] engine_0.basecase: ##   0:00:00  Checking assertions in step 0..
SBY  7:55:56 [formal/prod/safety_sil2] engine_0.basecase: ##   0:00:00  Checking assumptions in step 1..
SBY  7:55:56 [formal/prod/safety_sil2] engine_0.induction: ##   0:00:00  Status: passed
SBY  7:55:56 [formal/prod/safety_sil2] engine_0.basecase: ##   0:00:00  Checking assertions in step 1..
SBY  7:55:56 [formal/prod/safety_sil2] engine_0.basecase: ##   0:00:00  Checking assumptions in step 2..
SBY  7:55:56 [formal/prod/safety_sil2] engine_0.induction: finished (returncode=0)
SBY  7:55:56 [formal/prod/safety_sil2] engine_0.induction: Status returned by engine for induction: pass
SBY  7:55:56 [formal/prod/safety_sil2] engine_0.basecase: ##   0:00:00  Checking assertions in step 2..
SBY  7:55:56 [formal/prod/safety_sil2] engine_0.basecase: ##   0:00:00  Checking assumptions in step 3..
SBY  7:55:56 [formal/prod/safety_sil2] engine_0.basecase: ##   0:00:00  Checking assertions in step 3..
SBY  7:55:56 [formal/prod/safety_sil2] engine_0.basecase: ##   0:00:00  Checking assumptions in step 4..
SBY  7:55:56 [formal/prod/safety_sil2] engine_0.basecase: ##   0:00:00  Checking assertions in step 4..
SBY  7:55:56 [formal/prod/safety_sil2] engine_0.basecase: ##   0:00:00  Checking assumptions in step 5..
SBY  7:55:56 [formal/prod/safety_sil2] engine_0.basecase: ##   0:00:00  Checking assertions in step 5..
SBY  7:55:56 [formal/prod/safety_sil2] engine_0.basecase: ##   0:00:00  Checking assumptions in step 6..
SBY  7:55:56 [formal/prod/safety_sil2] engine_0.basecase: ##   0:00:00  Checking assertions in step 6..
SBY  7:55:56 [formal/prod/safety_sil2] engine_0.basecase: ##   0:00:00  Checking assumptions in step 7..
SBY  7:55:56 [formal/prod/safety_sil2] engine_0.basecase: ##   0:00:00  Checking assertions in step 7..
SBY  7:55:56 [formal/prod/safety_sil2] engine_0.basecase: ##   0:00:00  Checking assumptions in step 8..
SBY  7:55:56 [formal/prod/safety_sil2] engine_0.basecase: ##   0:00:00  Checking assertions in step 8..
SBY  7:55:56 [formal/prod/safety_sil2] engine_0.basecase: ##   0:00:00  Checking assumptions in step 9..
SBY  7:55:56 [formal/prod/safety_sil2] engine_0.basecase: ##   0:00:00  Checking assertions in step 9..
SBY  7:55:56 [formal/prod/safety_sil2] engine_0.basecase: ##   0:00:00  Checking assumptions in step 10..
SBY  7:55:56 [formal/prod/safety_sil2] engine_0.basecase: ##   0:00:00  Checking assertions in step 10..
SBY  7:55:56 [formal/prod/safety_sil2] engine_0.basecase: ##   0:00:00  Checking assumptions in step 11..
SBY  7:55:56 [formal/prod/safety_sil2] engine_0.basecase: ##   0:00:00  Checking assertions in step 11..
SBY  7:55:56 [formal/prod/safety_sil2] engine_0.basecase: ##   0:00:00  Checking assumptions in step 12..
SBY  7:55:56 [formal/prod/safety_sil2] engine_0.basecase: ##   0:00:00  Checking assertions in step 12..
SBY  7:55:56 [formal/prod/safety_sil2] engine_0.basecase: ##   0:00:00  Checking assumptions in step 13..
SBY  7:55:56 [formal/prod/safety_sil2] engine_0.basecase: ##   0:00:00  Checking assertions in step 13..
SBY  7:55:56 [formal/prod/safety_sil2] engine_0.basecase: ##   0:00:00  Checking assumptions in step 14..
SBY  7:55:56 [formal/prod/safety_sil2] engine_0.basecase: ##   0:00:00  Checking assertions in step 14..
SBY  7:55:56 [formal/prod/safety_sil2] engine_0.basecase: ##   0:00:00  Checking assumptions in step 15..
SBY  7:55:56 [formal/prod/safety_sil2] engine_0.basecase: ##   0:00:00  Checking assertions in step 15..
SBY  7:55:56 [formal/prod/safety_sil2] engine_0.basecase: ##   0:00:00  Checking assumptions in step 16..
SBY  7:55:56 [formal/prod/safety_sil2] engine_0.basecase: ##   0:00:00  Checking assertions in step 16..
SBY  7:55:56 [formal/prod/safety_sil2] engine_0.basecase: ##   0:00:00  Checking assumptions in step 17..
SBY  7:55:56 [formal/prod/safety_sil2] engine_0.basecase: ##   0:00:00  Checking assertions in step 17..
SBY  7:55:56 [formal/prod/safety_sil2] engine_0.basecase: ##   0:00:00  Checking assumptions in step 18..
SBY  7:55:56 [formal/prod/safety_sil2] engine_0.basecase: ##   0:00:00  Checking assertions in step 18..
SBY  7:55:56 [formal/prod/safety_sil2] engine_0.basecase: ##   0:00:00  Checking assumptions in step 19..
SBY  7:55:56 [formal/prod/safety_sil2] engine_0.basecase: ##   0:00:00  Checking assertions in step 19..
SBY  7:55:56 [formal/prod/safety_sil2] engine_0.basecase: ##   0:00:00  Checking assumptions in step 20..
SBY  7:55:56 [formal/prod/safety_sil2] engine_0.basecase: ##   0:00:00  Checking assertions in step 20..
SBY  7:55:56 [formal/prod/safety_sil2] engine_0.basecase: ##   0:00:00  Checking assumptions in step 21..
SBY  7:55:56 [formal/prod/safety_sil2] engine_0.basecase: ##   0:00:00  Checking assertions in step 21..
SBY  7:55:56 [formal/prod/safety_sil2] engine_0.basecase: ##   0:00:00  Checking assumptions in step 22..
SBY  7:55:56 [formal/prod/safety_sil2] engine_0.basecase: ##   0:00:00  Checking assertions in step 22..
SBY  7:55:56 [formal/prod/safety_sil2] engine_0.basecase: ##   0:00:00  Checking assumptions in step 23..
SBY  7:55:56 [formal/prod/safety_sil2] engine_0.basecase: ##   0:00:00  Checking assertions in step 23..
SBY  7:55:56 [formal/prod/safety_sil2] engine_0.basecase: ##   0:00:00  Checking assumptions in step 24..
SBY  7:55:56 [formal/prod/safety_sil2] engine_0.basecase: ##   0:00:00  Checking assertions in step 24..
SBY  7:55:56 [formal/prod/safety_sil2] engine_0.basecase: ##   0:00:00  Checking assumptions in step 25..
SBY  7:55:56 [formal/prod/safety_sil2] engine_0.basecase: ##   0:00:00  Checking assertions in step 25..
SBY  7:55:56 [formal/prod/safety_sil2] engine_0.basecase: ##   0:00:00  Checking assumptions in step 26..
SBY  7:55:56 [formal/prod/safety_sil2] engine_0.basecase: ##   0:00:00  Checking assertions in step 26..
SBY  7:55:56 [formal/prod/safety_sil2] engine_0.basecase: ##   0:00:00  Checking assumptions in step 27..
SBY  7:55:56 [formal/prod/safety_sil2] engine_0.basecase: ##   0:00:00  Checking assertions in step 27..
SBY  7:55:56 [formal/prod/safety_sil2] engine_0.basecase: ##   0:00:00  Checking assumptions in step 28..
SBY  7:55:56 [formal/prod/safety_sil2] engine_0.basecase: ##   0:00:00  Checking assertions in step 28..
SBY  7:55:56 [formal/prod/safety_sil2] engine_0.basecase: ##   0:00:00  Checking assumptions in step 29..
SBY  7:55:56 [formal/prod/safety_sil2] engine_0.basecase: ##   0:00:00  Checking assertions in step 29..
SBY  7:55:56 [formal/prod/safety_sil2] engine_0.basecase: ##   0:00:00  Checking assumptions in step 30..
SBY  7:55:56 [formal/prod/safety_sil2] engine_0.basecase: ##   0:00:00  Checking assertions in step 30..
SBY  7:55:56 [formal/prod/safety_sil2] engine_0.basecase: ##   0:00:00  Checking assumptions in step 31..
SBY  7:55:56 [formal/prod/safety_sil2] engine_0.basecase: ##   0:00:00  Checking assertions in step 31..
SBY  7:55:56 [formal/prod/safety_sil2] engine_0.basecase: ##   0:00:00  Checking assumptions in step 32..
SBY  7:55:56 [formal/prod/safety_sil2] engine_0.basecase: ##   0:00:00  Checking assertions in step 32..
SBY  7:55:56 [formal/prod/safety_sil2] engine_0.basecase: ##   0:00:00  Checking assumptions in step 33..
SBY  7:55:56 [formal/prod/safety_sil2] engine_0.basecase: ##   0:00:00  Checking assertions in step 33..
SBY  7:55:56 [formal/prod/safety_sil2] engine_0.basecase: ##   0:00:00  Checking assumptions in step 34..
SBY  7:55:56 [formal/prod/safety_sil2] engine_0.basecase: ##   0:00:00  Checking assertions in step 34..
SBY  7:55:56 [formal/prod/safety_sil2] engine_0.basecase: ##   0:00:00  Checking assumptions in step 35..
SBY  7:55:57 [formal/prod/safety_sil2] engine_0.basecase: ##   0:00:00  Checking assertions in step 35..
SBY  7:55:57 [formal/prod/safety_sil2] engine_0.basecase: ##   0:00:00  Checking assumptions in step 36..
SBY  7:55:57 [formal/prod/safety_sil2] engine_0.basecase: ##   0:00:00  Checking assertions in step 36..
SBY  7:55:57 [formal/prod/safety_sil2] engine_0.basecase: ##   0:00:00  Checking assumptions in step 37..
SBY  7:55:57 [formal/prod/safety_sil2] engine_0.basecase: ##   0:00:00  Checking assertions in step 37..
SBY  7:55:57 [formal/prod/safety_sil2] engine_0.basecase: ##   0:00:00  Checking assumptions in step 38..
SBY  7:55:57 [formal/prod/safety_sil2] engine_0.basecase: ##   0:00:00  Checking assertions in step 38..
SBY  7:55:57 [formal/prod/safety_sil2] engine_0.basecase: ##   0:00:00  Checking assumptions in step 39..
SBY  7:55:57 [formal/prod/safety_sil2] engine_0.basecase: ##   0:00:00  Checking assertions in step 39..
SBY  7:55:57 [formal/prod/safety_sil2] engine_0.basecase: ##   0:00:00  Status: passed
SBY  7:55:57 [formal/prod/safety_sil2] engine_0.basecase: finished (returncode=0)
SBY  7:55:57 [formal/prod/safety_sil2] engine_0.basecase: Status returned by engine for basecase: pass
SBY  7:55:57 [formal/prod/safety_sil2] summary: Elapsed clock time [H:MM:SS (secs)]: 0:00:00 (0)
SBY  7:55:57 [formal/prod/safety_sil2] summary: Elapsed process time [H:MM:SS (secs)]: 0:00:00 (0)
SBY  7:55:57 [formal/prod/safety_sil2] summary: engine_0 (smtbmc --stdt z3) returned pass for basecase
SBY  7:55:57 [formal/prod/safety_sil2] summary: engine_0 (smtbmc --stdt z3) returned pass for induction
SBY  7:55:57 [formal/prod/safety_sil2] summary: engine_0 did not produce any traces
SBY  7:55:57 [formal/prod/safety_sil2] summary: successful proof by k-induction.
SBY  7:55:57 [formal/prod/safety_sil2] DONE (PASS, rc=0)
